<?xml version="1.0" encoding="utf-8"?>
<TestRun id="d587d097-3869-41f1-8f97-5afdcf87405a" name="deric@STORMY 2026-02-01 09:18:19" runUser="STORMY\deric" xmlns="http://microsoft.com/schemas/VisualStudio/TeamTest/2010">
  <Times creation="2026-02-01T09:18:19.5761754+02:00" queuing="2026-02-01T09:18:19.5761755+02:00" start="2026-02-01T09:18:11.4127547+02:00" finish="2026-02-01T09:18:20.7488034+02:00" />
  <TestSettings name="default" id="2535ae81-b21e-4c58-bb7a-895400cc8fa5">
    <Deployment runDeploymentRoot="deric_STORMY_2026-02-01_09_18_19" />
  </TestSettings>
  <Results>
    <UnitTestResult executionId="8201eddb-2aec-4dd3-b052-123cd8575365" testId="abd4bb10-8d19-f63d-c9bc-f3f340f65e0f" testName="Khaos.JEX.LanguageServer.Tests.DocumentStateTests.GetLine_ShouldReturnCorrectLine" computerName="STORMY" duration="00:00:00.0000842" startTime="2026-02-01T09:18:19.5671022+02:00" endTime="2026-02-01T09:18:19.5671607+02:00" testType="13cdc9d9-ddb5-4fa4-a97d-d965ccfc6d4b" outcome="Passed" testListId="8c84fa94-04c1-424b-9868-57a2d4851a1d" relativeResultsDirectory="8201eddb-2aec-4dd3-b052-123cd8575365" />
    <UnitTestResult executionId="0d3ed918-2182-479d-8f3d-fa948dcccf19" testId="ea56abf1-e0cf-ff9b-109a-6aac2cbae5ae" testName="Khaos.JEX.LanguageServer.Tests.DocumentManagerTests.GetDocument_ShouldReturnNullForUnknownDocument" computerName="STORMY" duration="00:00:00.0000658" startTime="2026-02-01T09:18:19.5628270+02:00" endTime="2026-02-01T09:18:19.5628543+02:00" testType="13cdc9d9-ddb5-4fa4-a97d-d965ccfc6d4b" outcome="Passed" testListId="8c84fa94-04c1-424b-9868-57a2d4851a1d" relativeResultsDirectory="0d3ed918-2182-479d-8f3d-fa948dcccf19" />
    <UnitTestResult executionId="e05f7049-c885-46da-b459-65ac44cc69ac" testId="f9243176-0c2a-9c49-ff5c-fad7179cf039" testName="Khaos.JEX.LanguageServer.Tests.DocumentManagerTests.UpdateDocument_ShouldReplaceExistingDocument" computerName="STORMY" duration="00:00:00.0002203" startTime="2026-02-01T09:18:19.5650163+02:00" endTime="2026-02-01T09:18:19.5650471+02:00" testType="13cdc9d9-ddb5-4fa4-a97d-d965ccfc6d4b" outcome="Passed" testListId="8c84fa94-04c1-424b-9868-57a2d4851a1d" relativeResultsDirectory="e05f7049-c885-46da-b459-65ac44cc69ac" />
    <UnitTestResult executionId="6b1ab968-9a09-4224-ae10-ce34114e401e" testId="90b62f82-64ab-8029-3889-9f8165e4c564" testName="Khaos.JEX.LanguageServer.Tests.HoverHandlerTests.Handle_ShouldReturnHoverForStandardLibraryFunction" computerName="STORMY" duration="00:00:00.0123853" startTime="2026-02-01T09:18:19.5671342+02:00" endTime="2026-02-01T09:18:19.5758798+02:00" testType="13cdc9d9-ddb5-4fa4-a97d-d965ccfc6d4b" outcome="Passed" testListId="8c84fa94-04c1-424b-9868-57a2d4851a1d" relativeResultsDirectory="6b1ab968-9a09-4224-ae10-ce34114e401e" />
    <UnitTestResult executionId="72067b0b-8c69-4cde-8a87-17ad50c9a69f" testId="015fe428-2393-5c57-8e35-32a0d51bda1d" testName="Khaos.JEX.LanguageServer.Tests.DocumentStateTests.Constructor_ShouldCaptureParseErrors" computerName="STORMY" duration="00:00:00.0014365" startTime="2026-02-01T09:18:19.5616610+02:00" endTime="2026-02-01T09:18:19.5637136+02:00" testType="13cdc9d9-ddb5-4fa4-a97d-d965ccfc6d4b" outcome="Passed" testListId="8c84fa94-04c1-424b-9868-57a2d4851a1d" relativeResultsDirectory="72067b0b-8c69-4cde-8a87-17ad50c9a69f" />
    <UnitTestResult executionId="129d2877-7af7-4f8a-8b68-565b14503f30" testId="ad444bef-4b5a-1cab-53c7-55fecc76f8d2" testName="Khaos.JEX.LanguageServer.Tests.FunctionManifestLoaderTests.GetFunction_ShouldReturnFunctionByName" computerName="STORMY" duration="00:00:00.0219653" startTime="2026-02-01T09:18:19.5775171+02:00" endTime="2026-02-01T09:18:19.5775648+02:00" testType="13cdc9d9-ddb5-4fa4-a97d-d965ccfc6d4b" outcome="Passed" testListId="8c84fa94-04c1-424b-9868-57a2d4851a1d" relativeResultsDirectory="129d2877-7af7-4f8a-8b68-565b14503f30" />
    <UnitTestResult executionId="e1908a1e-571d-453e-9256-9dd957138763" testId="9b992a8a-0df3-b451-f327-a9d40283e154" testName="Khaos.JEX.LanguageServer.Tests.DocumentStateTests.GetUserFunctions_ShouldReturnDeclaredFunctions" computerName="STORMY" duration="00:00:00.0008144" startTime="2026-02-01T09:18:19.5646368+02:00" endTime="2026-02-01T09:18:19.5661497+02:00" testType="13cdc9d9-ddb5-4fa4-a97d-d965ccfc6d4b" outcome="Passed" testListId="8c84fa94-04c1-424b-9868-57a2d4851a1d" relativeResultsDirectory="e1908a1e-571d-453e-9256-9dd957138763" />
    <UnitTestResult executionId="a9a4ff8d-9fa4-4ffc-9506-1488ad8f74c0" testId="b79d3c60-99f5-cc5d-08c0-58a994c1b2a9" testName="Khaos.JEX.LanguageServer.Tests.CompletionHandlerTests.Handle_ShouldHaveKeywordKindForKeywords" computerName="STORMY" duration="00:00:00.0028268" startTime="2026-02-01T09:18:19.5620198+02:00" endTime="2026-02-01T09:18:19.5721691+02:00" testType="13cdc9d9-ddb5-4fa4-a97d-d965ccfc6d4b" outcome="Passed" testListId="8c84fa94-04c1-424b-9868-57a2d4851a1d" relativeResultsDirectory="a9a4ff8d-9fa4-4ffc-9506-1488ad8f74c0" />
    <UnitTestResult executionId="cd907f7c-1a3e-4aa7-a5b2-0f728e1ae053" testId="cc249208-0db1-80c3-bec8-3c8b8800ea71" testName="Khaos.JEX.LanguageServer.Tests.StandardLibraryProviderTests.GetFunction_ShouldHaveCorrectArgCounts(name: &quot;iif&quot;, minArgs: 3, maxArgs: 3)" computerName="STORMY" duration="00:00:00.0001742" startTime="2026-02-01T09:18:19.5392321+02:00" endTime="2026-02-01T09:18:19.5392686+02:00" testType="13cdc9d9-ddb5-4fa4-a97d-d965ccfc6d4b" outcome="Passed" testListId="8c84fa94-04c1-424b-9868-57a2d4851a1d" relativeResultsDirectory="cd907f7c-1a3e-4aa7-a5b2-0f728e1ae053" />
    <UnitTestResult executionId="e4bfa5a5-dda3-410a-9771-07d51f712c42" testId="d5eb4d9c-47b6-7d6d-5afc-8c468df45e1c" testName="Khaos.JEX.LanguageServer.Tests.FunctionManifestLoaderTests.Clear_ShouldRemoveAllFunctions" computerName="STORMY" duration="00:00:00.0250933" startTime="2026-02-01T09:18:19.6482503+02:00" endTime="2026-02-01T09:18:19.6730065+02:00" testType="13cdc9d9-ddb5-4fa4-a97d-d965ccfc6d4b" outcome="Passed" testListId="8c84fa94-04c1-424b-9868-57a2d4851a1d" relativeResultsDirectory="e4bfa5a5-dda3-410a-9771-07d51f712c42" />
    <UnitTestResult executionId="3e7d3dcf-eb09-41cd-88f6-3e1bde0afacf" testId="ef64417b-f872-af8f-6350-265c7c3fe4fd" testName="Khaos.JEX.LanguageServer.Tests.CompletionHandlerTests.Handle_ShouldReturnUserDefinedFunctions" computerName="STORMY" duration="00:00:00.0006353" startTime="2026-02-01T09:18:19.5757091+02:00" endTime="2026-02-01T09:18:19.5757309+02:00" testType="13cdc9d9-ddb5-4fa4-a97d-d965ccfc6d4b" outcome="Passed" testListId="8c84fa94-04c1-424b-9868-57a2d4851a1d" relativeResultsDirectory="3e7d3dcf-eb09-41cd-88f6-3e1bde0afacf" />
    <UnitTestResult executionId="f9931a66-f152-48eb-aa9e-e86966b4f005" testId="a954fee2-71ac-2774-df9e-66c3825a4e07" testName="Khaos.JEX.LanguageServer.Tests.DocumentStateTests.GetVariablesAtPosition_ShouldIncludeLoopIterator" computerName="STORMY" duration="00:00:00.0010062" startTime="2026-02-01T09:18:19.5735937+02:00" endTime="2026-02-01T09:18:19.5738820+02:00" testType="13cdc9d9-ddb5-4fa4-a97d-d965ccfc6d4b" outcome="Passed" testListId="8c84fa94-04c1-424b-9868-57a2d4851a1d" relativeResultsDirectory="f9931a66-f152-48eb-aa9e-e86966b4f005" />
    <UnitTestResult executionId="f3b08a1b-6ef6-4e8b-bd26-0a701e55dbd5" testId="764d867b-7f8b-f84a-ef69-1522075c836d" testName="Khaos.JEX.LanguageServer.Tests.FunctionManifestLoaderTests.GetFunction_ShouldBeCaseInsensitive" computerName="STORMY" duration="00:00:00.0220858" startTime="2026-02-01T09:18:19.5995266+02:00" endTime="2026-02-01T09:18:19.6212971+02:00" testType="13cdc9d9-ddb5-4fa4-a97d-d965ccfc6d4b" outcome="Passed" testListId="8c84fa94-04c1-424b-9868-57a2d4851a1d" relativeResultsDirectory="f3b08a1b-6ef6-4e8b-bd26-0a701e55dbd5" />
    <UnitTestResult executionId="1afb760d-f684-4153-8a69-ff7616b93df5" testId="67ea6bf5-7706-cbab-5efd-173c17140e76" testName="Khaos.JEX.LanguageServer.Tests.StandardLibraryProviderTests.GetFunctions_ShouldIncludeStringFunctions" computerName="STORMY" duration="00:00:00.0002575" startTime="2026-02-01T09:18:19.5586866+02:00" endTime="2026-02-01T09:18:19.5587243+02:00" testType="13cdc9d9-ddb5-4fa4-a97d-d965ccfc6d4b" outcome="Passed" testListId="8c84fa94-04c1-424b-9868-57a2d4851a1d" relativeResultsDirectory="1afb760d-f684-4153-8a69-ff7616b93df5" />
    <UnitTestResult executionId="7e6df4ba-4554-422d-9235-01f1a74ccbfb" testId="50e31217-6d05-7447-abd4-b42b48d9f180" testName="Khaos.JEX.LanguageServer.Tests.DocumentStateTests.GetVariablesAtPosition_ShouldReturnVariablesInScope" computerName="STORMY" duration="00:00:00.0004413" startTime="2026-02-01T09:18:19.5679428+02:00" endTime="2026-02-01T09:18:19.5726170+02:00" testType="13cdc9d9-ddb5-4fa4-a97d-d965ccfc6d4b" outcome="Passed" testListId="8c84fa94-04c1-424b-9868-57a2d4851a1d" relativeResultsDirectory="7e6df4ba-4554-422d-9235-01f1a74ccbfb" />
    <UnitTestResult executionId="28257599-b497-4530-a5fc-1c26275b8591" testId="ce24df7d-d982-f32c-a48e-b9c2b631ca0f" testName="Khaos.JEX.LanguageServer.Tests.HoverHandlerTests.Handle_ShouldReturnMarkdownContent" computerName="STORMY" duration="00:00:00.0022370" startTime="2026-02-01T09:18:19.5600874+02:00" endTime="2026-02-01T09:18:19.5631554+02:00" testType="13cdc9d9-ddb5-4fa4-a97d-d965ccfc6d4b" outcome="Passed" testListId="8c84fa94-04c1-424b-9868-57a2d4851a1d" relativeResultsDirectory="28257599-b497-4530-a5fc-1c26275b8591" />
    <UnitTestResult executionId="c1e04c90-cc44-4d7b-abde-378033125a3b" testId="7300292a-62ff-2189-c683-d5b3ec2b80a4" testName="Khaos.JEX.LanguageServer.Tests.StandardLibraryProviderTests.GetFunction_ShouldHaveCorrectArgCounts(name: &quot;jp1&quot;, minArgs: 2, maxArgs: 2)" computerName="STORMY" duration="00:00:00.0000381" startTime="2026-02-01T09:18:19.5555511+02:00" endTime="2026-02-01T09:18:19.5555987+02:00" testType="13cdc9d9-ddb5-4fa4-a97d-d965ccfc6d4b" outcome="Passed" testListId="8c84fa94-04c1-424b-9868-57a2d4851a1d" relativeResultsDirectory="c1e04c90-cc44-4d7b-abde-378033125a3b" />
    <UnitTestResult executionId="924e364e-f7b3-4bf2-8478-c1655cbb93d1" testId="916f0ce1-b07e-fd78-71f9-bdfb2e0b408f" testName="Khaos.JEX.LanguageServer.Tests.CompletionHandlerTests.Handle_ShouldReturnBooleanLiterals" computerName="STORMY" duration="00:00:00.0005648" startTime="2026-02-01T09:18:19.5754054+02:00" endTime="2026-02-01T09:18:19.5754357+02:00" testType="13cdc9d9-ddb5-4fa4-a97d-d965ccfc6d4b" outcome="Passed" testListId="8c84fa94-04c1-424b-9868-57a2d4851a1d" relativeResultsDirectory="924e364e-f7b3-4bf2-8478-c1655cbb93d1" />
    <UnitTestResult executionId="ed578287-7b41-4c69-a904-c93affa60f05" testId="1517c8ed-a3ab-842b-d4e5-46816ec8392e" testName="Khaos.JEX.LanguageServer.Tests.HoverHandlerTests.Handle_ShouldReturnNullForUnknownWord" computerName="STORMY" duration="00:00:00.0003613" startTime="2026-02-01T09:18:19.5763844+02:00" endTime="2026-02-01T09:18:19.5764053+02:00" testType="13cdc9d9-ddb5-4fa4-a97d-d965ccfc6d4b" outcome="Passed" testListId="8c84fa94-04c1-424b-9868-57a2d4851a1d" relativeResultsDirectory="ed578287-7b41-4c69-a904-c93affa60f05" />
    <UnitTestResult executionId="6200f5f3-d31b-49aa-87b1-d5e50895f6e2" testId="aa72f155-fcc4-dd81-2ecc-0a104855a7ed" testName="Khaos.JEX.LanguageServer.Tests.DocumentManagerTests.GetAllDocuments_ShouldReturnAllStoredDocuments" computerName="STORMY" duration="00:00:00.0006976" startTime="2026-02-01T09:18:19.5631277+02:00" endTime="2026-02-01T09:18:19.5646741+02:00" testType="13cdc9d9-ddb5-4fa4-a97d-d965ccfc6d4b" outcome="Passed" testListId="8c84fa94-04c1-424b-9868-57a2d4851a1d" relativeResultsDirectory="6200f5f3-d31b-49aa-87b1-d5e50895f6e2" />
    <UnitTestResult executionId="783ffa9b-5f31-4ab7-85cf-e4a60675ed65" testId="d989a8b8-008a-9ebe-0f21-444a1b90c6d3" testName="Khaos.JEX.LanguageServer.Tests.CompletionHandlerTests.Handle_ShouldReturnVariablesInScope" computerName="STORMY" duration="00:00:00.0007336" startTime="2026-02-01T09:18:19.5732960+02:00" endTime="2026-02-01T09:18:19.5736160+02:00" testType="13cdc9d9-ddb5-4fa4-a97d-d965ccfc6d4b" outcome="Passed" testListId="8c84fa94-04c1-424b-9868-57a2d4851a1d" relativeResultsDirectory="783ffa9b-5f31-4ab7-85cf-e4a60675ed65" />
    <UnitTestResult executionId="fdf47b6b-3fb1-4360-a09b-6e54349e8980" testId="4f526e8e-2b42-38c1-da9d-98a8ec60a660" testName="Khaos.JEX.LanguageServer.Tests.FunctionManifestLoaderTests.LoadManifest_ShouldNotLoadSameFileTwice" computerName="STORMY" duration="00:00:00.0440257" startTime="2026-02-01T09:18:19.5226457+02:00" endTime="2026-02-01T09:18:19.5770677+02:00" testType="13cdc9d9-ddb5-4fa4-a97d-d965ccfc6d4b" outcome="Passed" testListId="8c84fa94-04c1-424b-9868-57a2d4851a1d" relativeResultsDirectory="fdf47b6b-3fb1-4360-a09b-6e54349e8980" />
    <UnitTestResult executionId="27b43d78-a9f4-49a3-b05f-104de5fc6f07" testId="6b66668a-548c-bba4-ed26-429dd6b2ea6b" testName="Khaos.JEX.LanguageServer.Tests.HoverHandlerTests.Handle_ShouldReturnHoverForUserFunction" computerName="STORMY" duration="00:00:00.0218611" startTime="2026-02-01T09:18:19.5214648+02:00" endTime="2026-02-01T09:18:19.5597170+02:00" testType="13cdc9d9-ddb5-4fa4-a97d-d965ccfc6d4b" outcome="Passed" testListId="8c84fa94-04c1-424b-9868-57a2d4851a1d" relativeResultsDirectory="27b43d78-a9f4-49a3-b05f-104de5fc6f07" />
    <UnitTestResult executionId="f4d61fae-7b0b-4799-b4fd-b6065b590af0" testId="1dac5aa8-09df-0450-dba2-05e9444ffea0" testName="Khaos.JEX.LanguageServer.Tests.StandardLibraryProviderTests.GetFunction_ShouldReturnNullForUnknownFunction" computerName="STORMY" duration="00:00:00.0000870" startTime="2026-02-01T09:18:19.5576206+02:00" endTime="2026-02-01T09:18:19.5576558+02:00" testType="13cdc9d9-ddb5-4fa4-a97d-d965ccfc6d4b" outcome="Passed" testListId="8c84fa94-04c1-424b-9868-57a2d4851a1d" relativeResultsDirectory="f4d61fae-7b0b-4799-b4fd-b6065b590af0" />
    <UnitTestResult executionId="3cac6f8b-7487-4d99-a2db-ec21279066ad" testId="15fa8f53-43f7-83c3-698c-14163c6ab067" testName="Khaos.JEX.LanguageServer.Tests.StandardLibraryProviderTests.GetFunctions_ShouldIncludeJsonPathFunctions" computerName="STORMY" duration="00:00:00.0066662" startTime="2026-02-01T09:18:19.5235270+02:00" endTime="2026-02-01T09:18:19.5244600+02:00" testType="13cdc9d9-ddb5-4fa4-a97d-d965ccfc6d4b" outcome="Passed" testListId="8c84fa94-04c1-424b-9868-57a2d4851a1d" relativeResultsDirectory="3cac6f8b-7487-4d99-a2db-ec21279066ad" />
    <UnitTestResult executionId="9f57e30a-414e-49ff-843c-ccaecd223747" testId="10324f34-db96-4948-7cc5-8f616e5a5804" testName="Khaos.JEX.LanguageServer.Tests.StandardLibraryProviderTests.GetFunctions_ShouldIncludeMathFunctions" computerName="STORMY" duration="00:00:00.0004152" startTime="2026-02-01T09:18:19.5580138+02:00" endTime="2026-02-01T09:18:19.5580523+02:00" testType="13cdc9d9-ddb5-4fa4-a97d-d965ccfc6d4b" outcome="Passed" testListId="8c84fa94-04c1-424b-9868-57a2d4851a1d" relativeResultsDirectory="9f57e30a-414e-49ff-843c-ccaecd223747" />
    <UnitTestResult executionId="7f014012-bb54-4ec7-886d-4251f925c4e3" testId="777d0c67-b006-dbef-2849-603ee2442531" testName="Khaos.JEX.LanguageServer.Tests.StandardLibraryProviderTests.GetFunction_ShouldBeCaseInsensitive" computerName="STORMY" duration="00:00:00.0006295" startTime="2026-02-01T09:18:19.5374543+02:00" endTime="2026-02-01T09:18:19.5375506+02:00" testType="13cdc9d9-ddb5-4fa4-a97d-d965ccfc6d4b" outcome="Passed" testListId="8c84fa94-04c1-424b-9868-57a2d4851a1d" relativeResultsDirectory="7f014012-bb54-4ec7-886d-4251f925c4e3" />
    <UnitTestResult executionId="f5e532d9-7d43-469e-a437-c904c8832cf1" testId="192c9107-db1f-c33e-9e73-008e5da815bb" testName="Khaos.JEX.LanguageServer.Tests.CompletionHandlerTests.Handle_ShouldHaveFunctionKindForFunctions" computerName="STORMY" duration="00:00:00.0007173" startTime="2026-02-01T09:18:19.5745282+02:00" endTime="2026-02-01T09:18:19.5745503+02:00" testType="13cdc9d9-ddb5-4fa4-a97d-d965ccfc6d4b" outcome="Passed" testListId="8c84fa94-04c1-424b-9868-57a2d4851a1d" relativeResultsDirectory="f5e532d9-7d43-469e-a437-c904c8832cf1" />
    <UnitTestResult executionId="66391564-96a0-44da-af15-f3dee78834db" testId="c71a7775-da28-eb6e-b170-8238e27845c9" testName="Khaos.JEX.LanguageServer.Tests.FunctionManifestLoaderTests.LoadManifestsFromDirectory_ShouldLoadAllManifests" computerName="STORMY" duration="00:00:00.0238112" startTime="2026-02-01T09:18:19.6243980+02:00" endTime="2026-02-01T09:18:19.6477907+02:00" testType="13cdc9d9-ddb5-4fa4-a97d-d965ccfc6d4b" outcome="Passed" testListId="8c84fa94-04c1-424b-9868-57a2d4851a1d" relativeResultsDirectory="66391564-96a0-44da-af15-f3dee78834db" />
    <UnitTestResult executionId="943dbe06-bced-4371-83e3-12eea9a81201" testId="efa36482-657f-40ea-c7e0-8918cb6f50fd" testName="Khaos.JEX.LanguageServer.Tests.FunctionManifestLoaderTests.LoadManifest_ShouldLoadFunctionParameters" computerName="STORMY" duration="00:00:00.0208840" startTime="2026-02-01T09:18:19.6735590+02:00" endTime="2026-02-01T09:18:19.6941171+02:00" testType="13cdc9d9-ddb5-4fa4-a97d-d965ccfc6d4b" outcome="Passed" testListId="8c84fa94-04c1-424b-9868-57a2d4851a1d" relativeResultsDirectory="943dbe06-bced-4371-83e3-12eea9a81201" />
    <UnitTestResult executionId="7b6969f3-db17-4060-9d37-d7e2e87e70e8" testId="a1198c5b-c3f9-0cda-4798-a6d485d0e12b" testName="Khaos.JEX.LanguageServer.Tests.DocumentManagerTests.UpdateDocument_ShouldStoreDocument" computerName="STORMY" duration="00:00:00.0210274" startTime="2026-02-01T09:18:19.5226918+02:00" endTime="2026-02-01T09:18:19.5621500+02:00" testType="13cdc9d9-ddb5-4fa4-a97d-d965ccfc6d4b" outcome="Passed" testListId="8c84fa94-04c1-424b-9868-57a2d4851a1d" relativeResultsDirectory="7b6969f3-db17-4060-9d37-d7e2e87e70e8" />
    <UnitTestResult executionId="a49d720b-97e7-46e9-a305-3d0219b5a08e" testId="755346ac-c653-259b-eba7-6a53f46ea88d" testName="Khaos.JEX.LanguageServer.Tests.StandardLibraryProviderTests.GetFunction_ShouldHaveCorrectArgCounts(name: &quot;concat&quot;, minArgs: 0, maxArgs: 2147483647)" computerName="STORMY" duration="00:00:00.0000054" startTime="2026-02-01T09:18:19.5563374+02:00" endTime="2026-02-01T09:18:19.5563848+02:00" testType="13cdc9d9-ddb5-4fa4-a97d-d965ccfc6d4b" outcome="Passed" testListId="8c84fa94-04c1-424b-9868-57a2d4851a1d" relativeResultsDirectory="a49d720b-97e7-46e9-a305-3d0219b5a08e" />
    <UnitTestResult executionId="650fbce3-a33c-4917-88ce-9734a7ec8095" testId="5643290a-c6bb-ca8f-e0c0-08e9a92c59bf" testName="Khaos.JEX.LanguageServer.Tests.HoverHandlerTests.Handle_ShouldReturnHoverForKeyword" computerName="STORMY" duration="00:00:00.0004981" startTime="2026-02-01T09:18:19.5761236+02:00" endTime="2026-02-01T09:18:19.5761451+02:00" testType="13cdc9d9-ddb5-4fa4-a97d-d965ccfc6d4b" outcome="Passed" testListId="8c84fa94-04c1-424b-9868-57a2d4851a1d" relativeResultsDirectory="650fbce3-a33c-4917-88ce-9734a7ec8095" />
    <UnitTestResult executionId="e2297f0e-295a-4e4b-ba3a-667e677ea461" testId="227188c7-36c8-144b-c9ad-4988543cb121" testName="Khaos.JEX.LanguageServer.Tests.StandardLibraryProviderTests.GetFunction_ShouldReturnFunctionByName" computerName="STORMY" duration="00:00:00.0000869" startTime="2026-02-01T09:18:19.5571252+02:00" endTime="2026-02-01T09:18:19.5572049+02:00" testType="13cdc9d9-ddb5-4fa4-a97d-d965ccfc6d4b" outcome="Passed" testListId="8c84fa94-04c1-424b-9868-57a2d4851a1d" relativeResultsDirectory="e2297f0e-295a-4e4b-ba3a-667e677ea461" />
    <UnitTestResult executionId="c27e21bd-5d4e-46f2-91d4-820251f939ce" testId="2a52860d-cc93-b03f-5993-42c952eaeabf" testName="Khaos.JEX.LanguageServer.Tests.DocumentStateTests.Constructor_ShouldParseValidJexCode" computerName="STORMY" duration="00:00:00.0008301" startTime="2026-02-01T09:18:19.5729138+02:00" endTime="2026-02-01T09:18:19.5733234+02:00" testType="13cdc9d9-ddb5-4fa4-a97d-d965ccfc6d4b" outcome="Passed" testListId="8c84fa94-04c1-424b-9868-57a2d4851a1d" relativeResultsDirectory="c27e21bd-5d4e-46f2-91d4-820251f939ce" />
    <UnitTestResult executionId="4831026d-a599-4d3e-a88f-1bbcf8656ae0" testId="c670c102-e5a0-e92e-1e23-6db9d1ac5f2c" testName="Khaos.JEX.LanguageServer.Tests.CompletionHandlerTests.Handle_ShouldReturnKeywords" computerName="STORMY" duration="00:00:00.0229280" startTime="2026-02-01T09:18:19.5227169+02:00" endTime="2026-02-01T09:18:19.5616960+02:00" testType="13cdc9d9-ddb5-4fa4-a97d-d965ccfc6d4b" outcome="Passed" testListId="8c84fa94-04c1-424b-9868-57a2d4851a1d" relativeResultsDirectory="4831026d-a599-4d3e-a88f-1bbcf8656ae0" />
    <UnitTestResult executionId="4776aee2-f66c-4134-b8da-9e14463271c5" testId="3f59d304-f949-9d3f-e86b-d4e49440c2b9" testName="Khaos.JEX.LanguageServer.Tests.DocumentManagerTests.RemoveDocument_ShouldRemoveStoredDocument" computerName="STORMY" duration="00:00:00.0001420" startTime="2026-02-01T09:18:19.5655377+02:00" endTime="2026-02-01T09:18:19.5659275+02:00" testType="13cdc9d9-ddb5-4fa4-a97d-d965ccfc6d4b" outcome="Passed" testListId="8c84fa94-04c1-424b-9868-57a2d4851a1d" relativeResultsDirectory="4776aee2-f66c-4134-b8da-9e14463271c5" />
    <UnitTestResult executionId="178e4d3d-8b02-4f9c-a3dd-d0a63bfb900e" testId="5960e845-aa37-286e-0dce-81c902154891" testName="Khaos.JEX.LanguageServer.Tests.FunctionManifestLoaderTests.LoadManifest_ShouldLoadValidManifest" computerName="STORMY" duration="00:00:00.0278592" startTime="2026-02-01T09:18:19.6945327+02:00" endTime="2026-02-01T09:18:19.7220211+02:00" testType="13cdc9d9-ddb5-4fa4-a97d-d965ccfc6d4b" outcome="Passed" testListId="8c84fa94-04c1-424b-9868-57a2d4851a1d" relativeResultsDirectory="178e4d3d-8b02-4f9c-a3dd-d0a63bfb900e" />
    <UnitTestResult executionId="f95bf5d1-a8b4-4c53-9337-a90db98f770d" testId="b3a2afdb-ec17-7934-0fd6-cf4286dec656" testName="Khaos.JEX.LanguageServer.Tests.CompletionHandlerTests.Handle_ShouldReturnBuiltInVariables" computerName="STORMY" duration="00:00:00.0008160" startTime="2026-02-01T09:18:19.5725891+02:00" endTime="2026-02-01T09:18:19.5729416+02:00" testType="13cdc9d9-ddb5-4fa4-a97d-d965ccfc6d4b" outcome="Passed" testListId="8c84fa94-04c1-424b-9868-57a2d4851a1d" relativeResultsDirectory="f95bf5d1-a8b4-4c53-9337-a90db98f770d" />
    <UnitTestResult executionId="fc200336-d110-427b-8332-f02bfa485cb4" testId="ac2f98d7-2908-642e-afd8-53ccc952216f" testName="Khaos.JEX.LanguageServer.Tests.CompletionHandlerTests.Handle_ShouldReturnStandardLibraryFunctions" computerName="STORMY" duration="00:00:00.0007466" startTime="2026-02-01T09:18:19.5742664+02:00" endTime="2026-02-01T09:18:19.5742886+02:00" testType="13cdc9d9-ddb5-4fa4-a97d-d965ccfc6d4b" outcome="Passed" testListId="8c84fa94-04c1-424b-9868-57a2d4851a1d" relativeResultsDirectory="fc200336-d110-427b-8332-f02bfa485cb4" />
    <UnitTestResult executionId="167642db-90b1-4f26-a776-1da8e264f1b3" testId="e6127376-2414-9929-5d46-c92a78fb92c1" testName="Khaos.JEX.LanguageServer.Tests.HoverHandlerTests.Handle_ShouldReturnNullForUnknownDocument" computerName="STORMY" duration="00:00:00.0005474" startTime="2026-02-01T09:18:19.5636780+02:00" endTime="2026-02-01T09:18:19.5655099+02:00" testType="13cdc9d9-ddb5-4fa4-a97d-d965ccfc6d4b" outcome="Passed" testListId="8c84fa94-04c1-424b-9868-57a2d4851a1d" relativeResultsDirectory="167642db-90b1-4f26-a776-1da8e264f1b3" />
    <UnitTestResult executionId="5f082be0-0ad9-4c66-8e90-491afe76e685" testId="f2792e1a-3205-14eb-756d-e769e9e36e8c" testName="Khaos.JEX.LanguageServer.Tests.FunctionManifestLoaderTests.LoadManifest_ShouldHandleInvalidJson" computerName="STORMY" duration="00:00:00.0255433" startTime="2026-02-01T09:18:19.5778620+02:00" endTime="2026-02-01T09:18:19.5990814+02:00" testType="13cdc9d9-ddb5-4fa4-a97d-d965ccfc6d4b" outcome="Passed" testListId="8c84fa94-04c1-424b-9868-57a2d4851a1d" relativeResultsDirectory="5f082be0-0ad9-4c66-8e90-491afe76e685" />
    <UnitTestResult executionId="7c568da4-c26d-4c33-b2f4-b3a45410b573" testId="1dd1d1ef-fe65-98ed-ef38-d96c0784a2eb" testName="Khaos.JEX.LanguageServer.Tests.CompletionHandlerTests.Handle_ShouldFilterByPrefix" computerName="STORMY" duration="00:00:00.0006073" startTime="2026-02-01T09:18:19.5738595+02:00" endTime="2026-02-01T09:18:19.5740261+02:00" testType="13cdc9d9-ddb5-4fa4-a97d-d965ccfc6d4b" outcome="Passed" testListId="8c84fa94-04c1-424b-9868-57a2d4851a1d" relativeResultsDirectory="7c568da4-c26d-4c33-b2f4-b3a45410b573" />
    <UnitTestResult executionId="e8d55782-4cd8-4100-9b67-507d7822f4f6" testId="44782712-a132-3002-23bc-50047201cdff" testName="Khaos.JEX.LanguageServer.Tests.StandardLibraryProviderTests.GetFunctions_ShouldReturnAllFunctions" computerName="STORMY" duration="00:00:00.0003216" startTime="2026-02-01T09:18:19.5567304+02:00" endTime="2026-02-01T09:18:19.5567616+02:00" testType="13cdc9d9-ddb5-4fa4-a97d-d965ccfc6d4b" outcome="Passed" testListId="8c84fa94-04c1-424b-9868-57a2d4851a1d" relativeResultsDirectory="e8d55782-4cd8-4100-9b67-507d7822f4f6" />
    <UnitTestResult executionId="86b660ea-993f-421f-9318-fd874dfc96ff" testId="979d61dd-3c2d-846c-164e-5bd182390c6e" testName="Khaos.JEX.LanguageServer.Tests.DocumentStateTests.GetVariablesAtPosition_ShouldNotIncludeFutureVariables" computerName="STORMY" duration="00:00:00.0203191" startTime="2026-02-01T09:18:19.5227492+02:00" endTime="2026-02-01T09:18:19.5601209+02:00" testType="13cdc9d9-ddb5-4fa4-a97d-d965ccfc6d4b" outcome="Passed" testListId="8c84fa94-04c1-424b-9868-57a2d4851a1d" relativeResultsDirectory="86b660ea-993f-421f-9318-fd874dfc96ff" />
    <UnitTestResult executionId="059174e0-ca3c-4534-b55a-acf14be3c768" testId="87e3dc97-b4a2-78f9-fb28-281926eba4d7" testName="Khaos.JEX.LanguageServer.Tests.FunctionManifestLoaderTests.LoadManifestsFromDirectory_ShouldIgnoreNonMatchingFiles" computerName="STORMY" duration="00:00:00.0025326" startTime="2026-02-01T09:18:19.6224046+02:00" endTime="2026-02-01T09:18:19.6240248+02:00" testType="13cdc9d9-ddb5-4fa4-a97d-d965ccfc6d4b" outcome="Passed" testListId="8c84fa94-04c1-424b-9868-57a2d4851a1d" relativeResultsDirectory="059174e0-ca3c-4534-b55a-acf14be3c768" />
    <UnitTestResult executionId="cbb45484-3466-4abc-824e-3e21b2de6c85" testId="bd3bda64-a259-cf88-bcf0-a7f67a7aedb7" testName="Khaos.JEX.LanguageServer.Tests.StandardLibraryProviderTests.GetFunction_ShouldHaveCorrectArgCounts(name: &quot;substring&quot;, minArgs: 2, maxArgs: 3)" computerName="STORMY" duration="00:00:00.0022233" startTime="2026-02-01T09:18:19.5387418+02:00" endTime="2026-02-01T09:18:19.5387920+02:00" testType="13cdc9d9-ddb5-4fa4-a97d-d965ccfc6d4b" outcome="Passed" testListId="8c84fa94-04c1-424b-9868-57a2d4851a1d" relativeResultsDirectory="cbb45484-3466-4abc-824e-3e21b2de6c85" />
    <UnitTestResult executionId="a56cef73-594b-4c85-9641-9680192f4c91" testId="8f6d18ea-9f04-e977-899c-4ba2007637e2" testName="Khaos.JEX.LanguageServer.Tests.DocumentStateTests.GetLine_ShouldReturnNullForInvalidIndex" computerName="STORMY" duration="00:00:00.0001061" startTime="2026-02-01T09:18:19.5664488+02:00" endTime="2026-02-01T09:18:19.5664793+02:00" testType="13cdc9d9-ddb5-4fa4-a97d-d965ccfc6d4b" outcome="Passed" testListId="8c84fa94-04c1-424b-9868-57a2d4851a1d" relativeResultsDirectory="a56cef73-594b-4c85-9641-9680192f4c91" />
    <UnitTestResult executionId="7a47ce27-93f4-4292-a39c-2800ebeef396" testId="1ba388b5-d837-c2a7-ab0d-1b3bde2e8f8a" testName="Khaos.JEX.LanguageServer.Tests.DocumentManagerTests.GetDocument_ShouldReturnStoredDocument" computerName="STORMY" duration="00:00:00.0001214" startTime="2026-02-01T09:18:19.5625107+02:00" endTime="2026-02-01T09:18:19.5625454+02:00" testType="13cdc9d9-ddb5-4fa4-a97d-d965ccfc6d4b" outcome="Passed" testListId="8c84fa94-04c1-424b-9868-57a2d4851a1d" relativeResultsDirectory="7a47ce27-93f4-4292-a39c-2800ebeef396" />
    <UnitTestResult executionId="4360d827-40ec-4d3b-9d9b-cb36cfb88041" testId="bb9bcba0-ed6c-3333-9baf-9410a0b8b259" testName="Khaos.JEX.LanguageServer.Tests.HoverHandlerTests.Handle_ShouldReturnHoverForBuiltInVariable" computerName="STORMY" duration="00:00:00.0004818" startTime="2026-02-01T09:18:19.5658983+02:00" endTime="2026-02-01T09:18:19.5666202+02:00" testType="13cdc9d9-ddb5-4fa4-a97d-d965ccfc6d4b" outcome="Passed" testListId="8c84fa94-04c1-424b-9868-57a2d4851a1d" relativeResultsDirectory="4360d827-40ec-4d3b-9d9b-cb36cfb88041" />
  </Results>
  <TestDefinitions>
    <UnitTest name="Khaos.JEX.LanguageServer.Tests.DocumentManagerTests.GetDocument_ShouldReturnStoredDocument" storage="c:\my\khaos\khaos.jex.languageserver\tests\khaos.jex.languageserver.tests\bin\release\net10.0\khaos.jex.languageserver.tests.dll" id="1ba388b5-d837-c2a7-ab0d-1b3bde2e8f8a">
      <Execution id="7a47ce27-93f4-4292-a39c-2800ebeef396" />
      <TestMethod codeBase="C:\My\Khaos\Khaos.JEX.LanguageServer\tests\Khaos.JEX.LanguageServer.Tests\bin\Release\net10.0\Khaos.JEX.LanguageServer.Tests.dll" adapterTypeName="executor://xunit/VsTestRunner3/netcore/" className="Khaos.JEX.LanguageServer.Tests.DocumentManagerTests" name="GetDocument_ShouldReturnStoredDocument" />
    </UnitTest>
    <UnitTest name="Khaos.JEX.LanguageServer.Tests.StandardLibraryProviderTests.GetFunction_ShouldHaveCorrectArgCounts(name: &quot;jp1&quot;, minArgs: 2, maxArgs: 2)" storage="c:\my\khaos\khaos.jex.languageserver\tests\khaos.jex.languageserver.tests\bin\release\net10.0\khaos.jex.languageserver.tests.dll" id="7300292a-62ff-2189-c683-d5b3ec2b80a4">
      <Execution id="c1e04c90-cc44-4d7b-abde-378033125a3b" />
      <TestMethod codeBase="C:\My\Khaos\Khaos.JEX.LanguageServer\tests\Khaos.JEX.LanguageServer.Tests\bin\Release\net10.0\Khaos.JEX.LanguageServer.Tests.dll" adapterTypeName="executor://xunit/VsTestRunner3/netcore/" className="Khaos.JEX.LanguageServer.Tests.StandardLibraryProviderTests" name="GetFunction_ShouldHaveCorrectArgCounts" />
    </UnitTest>
    <UnitTest name="Khaos.JEX.LanguageServer.Tests.DocumentManagerTests.UpdateDocument_ShouldReplaceExistingDocument" storage="c:\my\khaos\khaos.jex.languageserver\tests\khaos.jex.languageserver.tests\bin\release\net10.0\khaos.jex.languageserver.tests.dll" id="f9243176-0c2a-9c49-ff5c-fad7179cf039">
      <Execution id="e05f7049-c885-46da-b459-65ac44cc69ac" />
      <TestMethod codeBase="C:\My\Khaos\Khaos.JEX.LanguageServer\tests\Khaos.JEX.LanguageServer.Tests\bin\Release\net10.0\Khaos.JEX.LanguageServer.Tests.dll" adapterTypeName="executor://xunit/VsTestRunner3/netcore/" className="Khaos.JEX.LanguageServer.Tests.DocumentManagerTests" name="UpdateDocument_ShouldReplaceExistingDocument" />
    </UnitTest>
    <UnitTest name="Khaos.JEX.LanguageServer.Tests.HoverHandlerTests.Handle_ShouldReturnNullForUnknownDocument" storage="c:\my\khaos\khaos.jex.languageserver\tests\khaos.jex.languageserver.tests\bin\release\net10.0\khaos.jex.languageserver.tests.dll" id="e6127376-2414-9929-5d46-c92a78fb92c1">
      <Execution id="167642db-90b1-4f26-a776-1da8e264f1b3" />
      <TestMethod codeBase="C:\My\Khaos\Khaos.JEX.LanguageServer\tests\Khaos.JEX.LanguageServer.Tests\bin\Release\net10.0\Khaos.JEX.LanguageServer.Tests.dll" adapterTypeName="executor://xunit/VsTestRunner3/netcore/" className="Khaos.JEX.LanguageServer.Tests.HoverHandlerTests" name="Handle_ShouldReturnNullForUnknownDocument" />
    </UnitTest>
    <UnitTest name="Khaos.JEX.LanguageServer.Tests.FunctionManifestLoaderTests.LoadManifestsFromDirectory_ShouldLoadAllManifests" storage="c:\my\khaos\khaos.jex.languageserver\tests\khaos.jex.languageserver.tests\bin\release\net10.0\khaos.jex.languageserver.tests.dll" id="c71a7775-da28-eb6e-b170-8238e27845c9">
      <Execution id="66391564-96a0-44da-af15-f3dee78834db" />
      <TestMethod codeBase="C:\My\Khaos\Khaos.JEX.LanguageServer\tests\Khaos.JEX.LanguageServer.Tests\bin\Release\net10.0\Khaos.JEX.LanguageServer.Tests.dll" adapterTypeName="executor://xunit/VsTestRunner3/netcore/" className="Khaos.JEX.LanguageServer.Tests.FunctionManifestLoaderTests" name="LoadManifestsFromDirectory_ShouldLoadAllManifests" />
    </UnitTest>
    <UnitTest name="Khaos.JEX.LanguageServer.Tests.HoverHandlerTests.Handle_ShouldReturnNullForUnknownWord" storage="c:\my\khaos\khaos.jex.languageserver\tests\khaos.jex.languageserver.tests\bin\release\net10.0\khaos.jex.languageserver.tests.dll" id="1517c8ed-a3ab-842b-d4e5-46816ec8392e">
      <Execution id="ed578287-7b41-4c69-a904-c93affa60f05" />
      <TestMethod codeBase="C:\My\Khaos\Khaos.JEX.LanguageServer\tests\Khaos.JEX.LanguageServer.Tests\bin\Release\net10.0\Khaos.JEX.LanguageServer.Tests.dll" adapterTypeName="executor://xunit/VsTestRunner3/netcore/" className="Khaos.JEX.LanguageServer.Tests.HoverHandlerTests" name="Handle_ShouldReturnNullForUnknownWord" />
    </UnitTest>
    <UnitTest name="Khaos.JEX.LanguageServer.Tests.DocumentStateTests.GetLine_ShouldReturnNullForInvalidIndex" storage="c:\my\khaos\khaos.jex.languageserver\tests\khaos.jex.languageserver.tests\bin\release\net10.0\khaos.jex.languageserver.tests.dll" id="8f6d18ea-9f04-e977-899c-4ba2007637e2">
      <Execution id="a56cef73-594b-4c85-9641-9680192f4c91" />
      <TestMethod codeBase="C:\My\Khaos\Khaos.JEX.LanguageServer\tests\Khaos.JEX.LanguageServer.Tests\bin\Release\net10.0\Khaos.JEX.LanguageServer.Tests.dll" adapterTypeName="executor://xunit/VsTestRunner3/netcore/" className="Khaos.JEX.LanguageServer.Tests.DocumentStateTests" name="GetLine_ShouldReturnNullForInvalidIndex" />
    </UnitTest>
    <UnitTest name="Khaos.JEX.LanguageServer.Tests.DocumentStateTests.GetVariablesAtPosition_ShouldIncludeLoopIterator" storage="c:\my\khaos\khaos.jex.languageserver\tests\khaos.jex.languageserver.tests\bin\release\net10.0\khaos.jex.languageserver.tests.dll" id="a954fee2-71ac-2774-df9e-66c3825a4e07">
      <Execution id="f9931a66-f152-48eb-aa9e-e86966b4f005" />
      <TestMethod codeBase="C:\My\Khaos\Khaos.JEX.LanguageServer\tests\Khaos.JEX.LanguageServer.Tests\bin\Release\net10.0\Khaos.JEX.LanguageServer.Tests.dll" adapterTypeName="executor://xunit/VsTestRunner3/netcore/" className="Khaos.JEX.LanguageServer.Tests.DocumentStateTests" name="GetVariablesAtPosition_ShouldIncludeLoopIterator" />
    </UnitTest>
    <UnitTest name="Khaos.JEX.LanguageServer.Tests.DocumentManagerTests.RemoveDocument_ShouldRemoveStoredDocument" storage="c:\my\khaos\khaos.jex.languageserver\tests\khaos.jex.languageserver.tests\bin\release\net10.0\khaos.jex.languageserver.tests.dll" id="3f59d304-f949-9d3f-e86b-d4e49440c2b9">
      <Execution id="4776aee2-f66c-4134-b8da-9e14463271c5" />
      <TestMethod codeBase="C:\My\Khaos\Khaos.JEX.LanguageServer\tests\Khaos.JEX.LanguageServer.Tests\bin\Release\net10.0\Khaos.JEX.LanguageServer.Tests.dll" adapterTypeName="executor://xunit/VsTestRunner3/netcore/" className="Khaos.JEX.LanguageServer.Tests.DocumentManagerTests" name="RemoveDocument_ShouldRemoveStoredDocument" />
    </UnitTest>
    <UnitTest name="Khaos.JEX.LanguageServer.Tests.DocumentStateTests.GetUserFunctions_ShouldReturnDeclaredFunctions" storage="c:\my\khaos\khaos.jex.languageserver\tests\khaos.jex.languageserver.tests\bin\release\net10.0\khaos.jex.languageserver.tests.dll" id="9b992a8a-0df3-b451-f327-a9d40283e154">
      <Execution id="e1908a1e-571d-453e-9256-9dd957138763" />
      <TestMethod codeBase="C:\My\Khaos\Khaos.JEX.LanguageServer\tests\Khaos.JEX.LanguageServer.Tests\bin\Release\net10.0\Khaos.JEX.LanguageServer.Tests.dll" adapterTypeName="executor://xunit/VsTestRunner3/netcore/" className="Khaos.JEX.LanguageServer.Tests.DocumentStateTests" name="GetUserFunctions_ShouldReturnDeclaredFunctions" />
    </UnitTest>
    <UnitTest name="Khaos.JEX.LanguageServer.Tests.StandardLibraryProviderTests.GetFunction_ShouldReturnNullForUnknownFunction" storage="c:\my\khaos\khaos.jex.languageserver\tests\khaos.jex.languageserver.tests\bin\release\net10.0\khaos.jex.languageserver.tests.dll" id="1dac5aa8-09df-0450-dba2-05e9444ffea0">
      <Execution id="f4d61fae-7b0b-4799-b4fd-b6065b590af0" />
      <TestMethod codeBase="C:\My\Khaos\Khaos.JEX.LanguageServer\tests\Khaos.JEX.LanguageServer.Tests\bin\Release\net10.0\Khaos.JEX.LanguageServer.Tests.dll" adapterTypeName="executor://xunit/VsTestRunner3/netcore/" className="Khaos.JEX.LanguageServer.Tests.StandardLibraryProviderTests" name="GetFunction_ShouldReturnNullForUnknownFunction" />
    </UnitTest>
    <UnitTest name="Khaos.JEX.LanguageServer.Tests.FunctionManifestLoaderTests.LoadManifest_ShouldLoadFunctionParameters" storage="c:\my\khaos\khaos.jex.languageserver\tests\khaos.jex.languageserver.tests\bin\release\net10.0\khaos.jex.languageserver.tests.dll" id="efa36482-657f-40ea-c7e0-8918cb6f50fd">
      <Execution id="943dbe06-bced-4371-83e3-12eea9a81201" />
      <TestMethod codeBase="C:\My\Khaos\Khaos.JEX.LanguageServer\tests\Khaos.JEX.LanguageServer.Tests\bin\Release\net10.0\Khaos.JEX.LanguageServer.Tests.dll" adapterTypeName="executor://xunit/VsTestRunner3/netcore/" className="Khaos.JEX.LanguageServer.Tests.FunctionManifestLoaderTests" name="LoadManifest_ShouldLoadFunctionParameters" />
    </UnitTest>
    <UnitTest name="Khaos.JEX.LanguageServer.Tests.FunctionManifestLoaderTests.LoadManifest_ShouldHandleInvalidJson" storage="c:\my\khaos\khaos.jex.languageserver\tests\khaos.jex.languageserver.tests\bin\release\net10.0\khaos.jex.languageserver.tests.dll" id="f2792e1a-3205-14eb-756d-e769e9e36e8c">
      <Execution id="5f082be0-0ad9-4c66-8e90-491afe76e685" />
      <TestMethod codeBase="C:\My\Khaos\Khaos.JEX.LanguageServer\tests\Khaos.JEX.LanguageServer.Tests\bin\Release\net10.0\Khaos.JEX.LanguageServer.Tests.dll" adapterTypeName="executor://xunit/VsTestRunner3/netcore/" className="Khaos.JEX.LanguageServer.Tests.FunctionManifestLoaderTests" name="LoadManifest_ShouldHandleInvalidJson" />
    </UnitTest>
    <UnitTest name="Khaos.JEX.LanguageServer.Tests.CompletionHandlerTests.Handle_ShouldReturnKeywords" storage="c:\my\khaos\khaos.jex.languageserver\tests\khaos.jex.languageserver.tests\bin\release\net10.0\khaos.jex.languageserver.tests.dll" id="c670c102-e5a0-e92e-1e23-6db9d1ac5f2c">
      <Execution id="4831026d-a599-4d3e-a88f-1bbcf8656ae0" />
      <TestMethod codeBase="C:\My\Khaos\Khaos.JEX.LanguageServer\tests\Khaos.JEX.LanguageServer.Tests\bin\Release\net10.0\Khaos.JEX.LanguageServer.Tests.dll" adapterTypeName="executor://xunit/VsTestRunner3/netcore/" className="Khaos.JEX.LanguageServer.Tests.CompletionHandlerTests" name="Handle_ShouldReturnKeywords" />
    </UnitTest>
    <UnitTest name="Khaos.JEX.LanguageServer.Tests.DocumentStateTests.Constructor_ShouldCaptureParseErrors" storage="c:\my\khaos\khaos.jex.languageserver\tests\khaos.jex.languageserver.tests\bin\release\net10.0\khaos.jex.languageserver.tests.dll" id="015fe428-2393-5c57-8e35-32a0d51bda1d">
      <Execution id="72067b0b-8c69-4cde-8a87-17ad50c9a69f" />
      <TestMethod codeBase="C:\My\Khaos\Khaos.JEX.LanguageServer\tests\Khaos.JEX.LanguageServer.Tests\bin\Release\net10.0\Khaos.JEX.LanguageServer.Tests.dll" adapterTypeName="executor://xunit/VsTestRunner3/netcore/" className="Khaos.JEX.LanguageServer.Tests.DocumentStateTests" name="Constructor_ShouldCaptureParseErrors" />
    </UnitTest>
    <UnitTest name="Khaos.JEX.LanguageServer.Tests.DocumentStateTests.GetVariablesAtPosition_ShouldNotIncludeFutureVariables" storage="c:\my\khaos\khaos.jex.languageserver\tests\khaos.jex.languageserver.tests\bin\release\net10.0\khaos.jex.languageserver.tests.dll" id="979d61dd-3c2d-846c-164e-5bd182390c6e">
      <Execution id="86b660ea-993f-421f-9318-fd874dfc96ff" />
      <TestMethod codeBase="C:\My\Khaos\Khaos.JEX.LanguageServer\tests\Khaos.JEX.LanguageServer.Tests\bin\Release\net10.0\Khaos.JEX.LanguageServer.Tests.dll" adapterTypeName="executor://xunit/VsTestRunner3/netcore/" className="Khaos.JEX.LanguageServer.Tests.DocumentStateTests" name="GetVariablesAtPosition_ShouldNotIncludeFutureVariables" />
    </UnitTest>
    <UnitTest name="Khaos.JEX.LanguageServer.Tests.StandardLibraryProviderTests.GetFunctions_ShouldIncludeJsonPathFunctions" storage="c:\my\khaos\khaos.jex.languageserver\tests\khaos.jex.languageserver.tests\bin\release\net10.0\khaos.jex.languageserver.tests.dll" id="15fa8f53-43f7-83c3-698c-14163c6ab067">
      <Execution id="3cac6f8b-7487-4d99-a2db-ec21279066ad" />
      <TestMethod codeBase="C:\My\Khaos\Khaos.JEX.LanguageServer\tests\Khaos.JEX.LanguageServer.Tests\bin\Release\net10.0\Khaos.JEX.LanguageServer.Tests.dll" adapterTypeName="executor://xunit/VsTestRunner3/netcore/" className="Khaos.JEX.LanguageServer.Tests.StandardLibraryProviderTests" name="GetFunctions_ShouldIncludeJsonPathFunctions" />
    </UnitTest>
    <UnitTest name="Khaos.JEX.LanguageServer.Tests.DocumentManagerTests.UpdateDocument_ShouldStoreDocument" storage="c:\my\khaos\khaos.jex.languageserver\tests\khaos.jex.languageserver.tests\bin\release\net10.0\khaos.jex.languageserver.tests.dll" id="a1198c5b-c3f9-0cda-4798-a6d485d0e12b">
      <Execution id="7b6969f3-db17-4060-9d37-d7e2e87e70e8" />
      <TestMethod codeBase="C:\My\Khaos\Khaos.JEX.LanguageServer\tests\Khaos.JEX.LanguageServer.Tests\bin\Release\net10.0\Khaos.JEX.LanguageServer.Tests.dll" adapterTypeName="executor://xunit/VsTestRunner3/netcore/" className="Khaos.JEX.LanguageServer.Tests.DocumentManagerTests" name="UpdateDocument_ShouldStoreDocument" />
    </UnitTest>
    <UnitTest name="Khaos.JEX.LanguageServer.Tests.FunctionManifestLoaderTests.GetFunction_ShouldReturnFunctionByName" storage="c:\my\khaos\khaos.jex.languageserver\tests\khaos.jex.languageserver.tests\bin\release\net10.0\khaos.jex.languageserver.tests.dll" id="ad444bef-4b5a-1cab-53c7-55fecc76f8d2">
      <Execution id="129d2877-7af7-4f8a-8b68-565b14503f30" />
      <TestMethod codeBase="C:\My\Khaos\Khaos.JEX.LanguageServer\tests\Khaos.JEX.LanguageServer.Tests\bin\Release\net10.0\Khaos.JEX.LanguageServer.Tests.dll" adapterTypeName="executor://xunit/VsTestRunner3/netcore/" className="Khaos.JEX.LanguageServer.Tests.FunctionManifestLoaderTests" name="GetFunction_ShouldReturnFunctionByName" />
    </UnitTest>
    <UnitTest name="Khaos.JEX.LanguageServer.Tests.CompletionHandlerTests.Handle_ShouldReturnVariablesInScope" storage="c:\my\khaos\khaos.jex.languageserver\tests\khaos.jex.languageserver.tests\bin\release\net10.0\khaos.jex.languageserver.tests.dll" id="d989a8b8-008a-9ebe-0f21-444a1b90c6d3">
      <Execution id="783ffa9b-5f31-4ab7-85cf-e4a60675ed65" />
      <TestMethod codeBase="C:\My\Khaos\Khaos.JEX.LanguageServer\tests\Khaos.JEX.LanguageServer.Tests\bin\Release\net10.0\Khaos.JEX.LanguageServer.Tests.dll" adapterTypeName="executor://xunit/VsTestRunner3/netcore/" className="Khaos.JEX.LanguageServer.Tests.CompletionHandlerTests" name="Handle_ShouldReturnVariablesInScope" />
    </UnitTest>
    <UnitTest name="Khaos.JEX.LanguageServer.Tests.HoverHandlerTests.Handle_ShouldReturnHoverForStandardLibraryFunction" storage="c:\my\khaos\khaos.jex.languageserver\tests\khaos.jex.languageserver.tests\bin\release\net10.0\khaos.jex.languageserver.tests.dll" id="90b62f82-64ab-8029-3889-9f8165e4c564">
      <Execution id="6b1ab968-9a09-4224-ae10-ce34114e401e" />
      <TestMethod codeBase="C:\My\Khaos\Khaos.JEX.LanguageServer\tests\Khaos.JEX.LanguageServer.Tests\bin\Release\net10.0\Khaos.JEX.LanguageServer.Tests.dll" adapterTypeName="executor://xunit/VsTestRunner3/netcore/" className="Khaos.JEX.LanguageServer.Tests.HoverHandlerTests" name="Handle_ShouldReturnHoverForStandardLibraryFunction" />
    </UnitTest>
    <UnitTest name="Khaos.JEX.LanguageServer.Tests.HoverHandlerTests.Handle_ShouldReturnHoverForBuiltInVariable" storage="c:\my\khaos\khaos.jex.languageserver\tests\khaos.jex.languageserver.tests\bin\release\net10.0\khaos.jex.languageserver.tests.dll" id="bb9bcba0-ed6c-3333-9baf-9410a0b8b259">
      <Execution id="4360d827-40ec-4d3b-9d9b-cb36cfb88041" />
      <TestMethod codeBase="C:\My\Khaos\Khaos.JEX.LanguageServer\tests\Khaos.JEX.LanguageServer.Tests\bin\Release\net10.0\Khaos.JEX.LanguageServer.Tests.dll" adapterTypeName="executor://xunit/VsTestRunner3/netcore/" className="Khaos.JEX.LanguageServer.Tests.HoverHandlerTests" name="Handle_ShouldReturnHoverForBuiltInVariable" />
    </UnitTest>
    <UnitTest name="Khaos.JEX.LanguageServer.Tests.CompletionHandlerTests.Handle_ShouldHaveKeywordKindForKeywords" storage="c:\my\khaos\khaos.jex.languageserver\tests\khaos.jex.languageserver.tests\bin\release\net10.0\khaos.jex.languageserver.tests.dll" id="b79d3c60-99f5-cc5d-08c0-58a994c1b2a9">
      <Execution id="a9a4ff8d-9fa4-4ffc-9506-1488ad8f74c0" />
      <TestMethod codeBase="C:\My\Khaos\Khaos.JEX.LanguageServer\tests\Khaos.JEX.LanguageServer.Tests\bin\Release\net10.0\Khaos.JEX.LanguageServer.Tests.dll" adapterTypeName="executor://xunit/VsTestRunner3/netcore/" className="Khaos.JEX.LanguageServer.Tests.CompletionHandlerTests" name="Handle_ShouldHaveKeywordKindForKeywords" />
    </UnitTest>
    <UnitTest name="Khaos.JEX.LanguageServer.Tests.StandardLibraryProviderTests.GetFunctions_ShouldReturnAllFunctions" storage="c:\my\khaos\khaos.jex.languageserver\tests\khaos.jex.languageserver.tests\bin\release\net10.0\khaos.jex.languageserver.tests.dll" id="44782712-a132-3002-23bc-50047201cdff">
      <Execution id="e8d55782-4cd8-4100-9b67-507d7822f4f6" />
      <TestMethod codeBase="C:\My\Khaos\Khaos.JEX.LanguageServer\tests\Khaos.JEX.LanguageServer.Tests\bin\Release\net10.0\Khaos.JEX.LanguageServer.Tests.dll" adapterTypeName="executor://xunit/VsTestRunner3/netcore/" className="Khaos.JEX.LanguageServer.Tests.StandardLibraryProviderTests" name="GetFunctions_ShouldReturnAllFunctions" />
    </UnitTest>
    <UnitTest name="Khaos.JEX.LanguageServer.Tests.StandardLibraryProviderTests.GetFunction_ShouldHaveCorrectArgCounts(name: &quot;concat&quot;, minArgs: 0, maxArgs: 2147483647)" storage="c:\my\khaos\khaos.jex.languageserver\tests\khaos.jex.languageserver.tests\bin\release\net10.0\khaos.jex.languageserver.tests.dll" id="755346ac-c653-259b-eba7-6a53f46ea88d">
      <Execution id="a49d720b-97e7-46e9-a305-3d0219b5a08e" />
      <TestMethod codeBase="C:\My\Khaos\Khaos.JEX.LanguageServer\tests\Khaos.JEX.LanguageServer.Tests\bin\Release\net10.0\Khaos.JEX.LanguageServer.Tests.dll" adapterTypeName="executor://xunit/VsTestRunner3/netcore/" className="Khaos.JEX.LanguageServer.Tests.StandardLibraryProviderTests" name="GetFunction_ShouldHaveCorrectArgCounts" />
    </UnitTest>
    <UnitTest name="Khaos.JEX.LanguageServer.Tests.DocumentManagerTests.GetAllDocuments_ShouldReturnAllStoredDocuments" storage="c:\my\khaos\khaos.jex.languageserver\tests\khaos.jex.languageserver.tests\bin\release\net10.0\khaos.jex.languageserver.tests.dll" id="aa72f155-fcc4-dd81-2ecc-0a104855a7ed">
      <Execution id="6200f5f3-d31b-49aa-87b1-d5e50895f6e2" />
      <TestMethod codeBase="C:\My\Khaos\Khaos.JEX.LanguageServer\tests\Khaos.JEX.LanguageServer.Tests\bin\Release\net10.0\Khaos.JEX.LanguageServer.Tests.dll" adapterTypeName="executor://xunit/VsTestRunner3/netcore/" className="Khaos.JEX.LanguageServer.Tests.DocumentManagerTests" name="GetAllDocuments_ShouldReturnAllStoredDocuments" />
    </UnitTest>
    <UnitTest name="Khaos.JEX.LanguageServer.Tests.StandardLibraryProviderTests.GetFunctions_ShouldIncludeMathFunctions" storage="c:\my\khaos\khaos.jex.languageserver\tests\khaos.jex.languageserver.tests\bin\release\net10.0\khaos.jex.languageserver.tests.dll" id="10324f34-db96-4948-7cc5-8f616e5a5804">
      <Execution id="9f57e30a-414e-49ff-843c-ccaecd223747" />
      <TestMethod codeBase="C:\My\Khaos\Khaos.JEX.LanguageServer\tests\Khaos.JEX.LanguageServer.Tests\bin\Release\net10.0\Khaos.JEX.LanguageServer.Tests.dll" adapterTypeName="executor://xunit/VsTestRunner3/netcore/" className="Khaos.JEX.LanguageServer.Tests.StandardLibraryProviderTests" name="GetFunctions_ShouldIncludeMathFunctions" />
    </UnitTest>
    <UnitTest name="Khaos.JEX.LanguageServer.Tests.CompletionHandlerTests.Handle_ShouldFilterByPrefix" storage="c:\my\khaos\khaos.jex.languageserver\tests\khaos.jex.languageserver.tests\bin\release\net10.0\khaos.jex.languageserver.tests.dll" id="1dd1d1ef-fe65-98ed-ef38-d96c0784a2eb">
      <Execution id="7c568da4-c26d-4c33-b2f4-b3a45410b573" />
      <TestMethod codeBase="C:\My\Khaos\Khaos.JEX.LanguageServer\tests\Khaos.JEX.LanguageServer.Tests\bin\Release\net10.0\Khaos.JEX.LanguageServer.Tests.dll" adapterTypeName="executor://xunit/VsTestRunner3/netcore/" className="Khaos.JEX.LanguageServer.Tests.CompletionHandlerTests" name="Handle_ShouldFilterByPrefix" />
    </UnitTest>
    <UnitTest name="Khaos.JEX.LanguageServer.Tests.DocumentManagerTests.GetDocument_ShouldReturnNullForUnknownDocument" storage="c:\my\khaos\khaos.jex.languageserver\tests\khaos.jex.languageserver.tests\bin\release\net10.0\khaos.jex.languageserver.tests.dll" id="ea56abf1-e0cf-ff9b-109a-6aac2cbae5ae">
      <Execution id="0d3ed918-2182-479d-8f3d-fa948dcccf19" />
      <TestMethod codeBase="C:\My\Khaos\Khaos.JEX.LanguageServer\tests\Khaos.JEX.LanguageServer.Tests\bin\Release\net10.0\Khaos.JEX.LanguageServer.Tests.dll" adapterTypeName="executor://xunit/VsTestRunner3/netcore/" className="Khaos.JEX.LanguageServer.Tests.DocumentManagerTests" name="GetDocument_ShouldReturnNullForUnknownDocument" />
    </UnitTest>
    <UnitTest name="Khaos.JEX.LanguageServer.Tests.FunctionManifestLoaderTests.LoadManifestsFromDirectory_ShouldIgnoreNonMatchingFiles" storage="c:\my\khaos\khaos.jex.languageserver\tests\khaos.jex.languageserver.tests\bin\release\net10.0\khaos.jex.languageserver.tests.dll" id="87e3dc97-b4a2-78f9-fb28-281926eba4d7">
      <Execution id="059174e0-ca3c-4534-b55a-acf14be3c768" />
      <TestMethod codeBase="C:\My\Khaos\Khaos.JEX.LanguageServer\tests\Khaos.JEX.LanguageServer.Tests\bin\Release\net10.0\Khaos.JEX.LanguageServer.Tests.dll" adapterTypeName="executor://xunit/VsTestRunner3/netcore/" className="Khaos.JEX.LanguageServer.Tests.FunctionManifestLoaderTests" name="LoadManifestsFromDirectory_ShouldIgnoreNonMatchingFiles" />
    </UnitTest>
    <UnitTest name="Khaos.JEX.LanguageServer.Tests.CompletionHandlerTests.Handle_ShouldReturnUserDefinedFunctions" storage="c:\my\khaos\khaos.jex.languageserver\tests\khaos.jex.languageserver.tests\bin\release\net10.0\khaos.jex.languageserver.tests.dll" id="ef64417b-f872-af8f-6350-265c7c3fe4fd">
      <Execution id="3e7d3dcf-eb09-41cd-88f6-3e1bde0afacf" />
      <TestMethod codeBase="C:\My\Khaos\Khaos.JEX.LanguageServer\tests\Khaos.JEX.LanguageServer.Tests\bin\Release\net10.0\Khaos.JEX.LanguageServer.Tests.dll" adapterTypeName="executor://xunit/VsTestRunner3/netcore/" className="Khaos.JEX.LanguageServer.Tests.CompletionHandlerTests" name="Handle_ShouldReturnUserDefinedFunctions" />
    </UnitTest>
    <UnitTest name="Khaos.JEX.LanguageServer.Tests.CompletionHandlerTests.Handle_ShouldReturnBuiltInVariables" storage="c:\my\khaos\khaos.jex.languageserver\tests\khaos.jex.languageserver.tests\bin\release\net10.0\khaos.jex.languageserver.tests.dll" id="b3a2afdb-ec17-7934-0fd6-cf4286dec656">
      <Execution id="f95bf5d1-a8b4-4c53-9337-a90db98f770d" />
      <TestMethod codeBase="C:\My\Khaos\Khaos.JEX.LanguageServer\tests\Khaos.JEX.LanguageServer.Tests\bin\Release\net10.0\Khaos.JEX.LanguageServer.Tests.dll" adapterTypeName="executor://xunit/VsTestRunner3/netcore/" className="Khaos.JEX.LanguageServer.Tests.CompletionHandlerTests" name="Handle_ShouldReturnBuiltInVariables" />
    </UnitTest>
    <UnitTest name="Khaos.JEX.LanguageServer.Tests.StandardLibraryProviderTests.GetFunction_ShouldHaveCorrectArgCounts(name: &quot;iif&quot;, minArgs: 3, maxArgs: 3)" storage="c:\my\khaos\khaos.jex.languageserver\tests\khaos.jex.languageserver.tests\bin\release\net10.0\khaos.jex.languageserver.tests.dll" id="cc249208-0db1-80c3-bec8-3c8b8800ea71">
      <Execution id="cd907f7c-1a3e-4aa7-a5b2-0f728e1ae053" />
      <TestMethod codeBase="C:\My\Khaos\Khaos.JEX.LanguageServer\tests\Khaos.JEX.LanguageServer.Tests\bin\Release\net10.0\Khaos.JEX.LanguageServer.Tests.dll" adapterTypeName="executor://xunit/VsTestRunner3/netcore/" className="Khaos.JEX.LanguageServer.Tests.StandardLibraryProviderTests" name="GetFunction_ShouldHaveCorrectArgCounts" />
    </UnitTest>
    <UnitTest name="Khaos.JEX.LanguageServer.Tests.FunctionManifestLoaderTests.Clear_ShouldRemoveAllFunctions" storage="c:\my\khaos\khaos.jex.languageserver\tests\khaos.jex.languageserver.tests\bin\release\net10.0\khaos.jex.languageserver.tests.dll" id="d5eb4d9c-47b6-7d6d-5afc-8c468df45e1c">
      <Execution id="e4bfa5a5-dda3-410a-9771-07d51f712c42" />
      <TestMethod codeBase="C:\My\Khaos\Khaos.JEX.LanguageServer\tests\Khaos.JEX.LanguageServer.Tests\bin\Release\net10.0\Khaos.JEX.LanguageServer.Tests.dll" adapterTypeName="executor://xunit/VsTestRunner3/netcore/" className="Khaos.JEX.LanguageServer.Tests.FunctionManifestLoaderTests" name="Clear_ShouldRemoveAllFunctions" />
    </UnitTest>
    <UnitTest name="Khaos.JEX.LanguageServer.Tests.StandardLibraryProviderTests.GetFunction_ShouldBeCaseInsensitive" storage="c:\my\khaos\khaos.jex.languageserver\tests\khaos.jex.languageserver.tests\bin\release\net10.0\khaos.jex.languageserver.tests.dll" id="777d0c67-b006-dbef-2849-603ee2442531">
      <Execution id="7f014012-bb54-4ec7-886d-4251f925c4e3" />
      <TestMethod codeBase="C:\My\Khaos\Khaos.JEX.LanguageServer\tests\Khaos.JEX.LanguageServer.Tests\bin\Release\net10.0\Khaos.JEX.LanguageServer.Tests.dll" adapterTypeName="executor://xunit/VsTestRunner3/netcore/" className="Khaos.JEX.LanguageServer.Tests.StandardLibraryProviderTests" name="GetFunction_ShouldBeCaseInsensitive" />
    </UnitTest>
    <UnitTest name="Khaos.JEX.LanguageServer.Tests.CompletionHandlerTests.Handle_ShouldReturnBooleanLiterals" storage="c:\my\khaos\khaos.jex.languageserver\tests\khaos.jex.languageserver.tests\bin\release\net10.0\khaos.jex.languageserver.tests.dll" id="916f0ce1-b07e-fd78-71f9-bdfb2e0b408f">
      <Execution id="924e364e-f7b3-4bf2-8478-c1655cbb93d1" />
      <TestMethod codeBase="C:\My\Khaos\Khaos.JEX.LanguageServer\tests\Khaos.JEX.LanguageServer.Tests\bin\Release\net10.0\Khaos.JEX.LanguageServer.Tests.dll" adapterTypeName="executor://xunit/VsTestRunner3/netcore/" className="Khaos.JEX.LanguageServer.Tests.CompletionHandlerTests" name="Handle_ShouldReturnBooleanLiterals" />
    </UnitTest>
    <UnitTest name="Khaos.JEX.LanguageServer.Tests.StandardLibraryProviderTests.GetFunction_ShouldHaveCorrectArgCounts(name: &quot;substring&quot;, minArgs: 2, maxArgs: 3)" storage="c:\my\khaos\khaos.jex.languageserver\tests\khaos.jex.languageserver.tests\bin\release\net10.0\khaos.jex.languageserver.tests.dll" id="bd3bda64-a259-cf88-bcf0-a7f67a7aedb7">
      <Execution id="cbb45484-3466-4abc-824e-3e21b2de6c85" />
      <TestMethod codeBase="C:\My\Khaos\Khaos.JEX.LanguageServer\tests\Khaos.JEX.LanguageServer.Tests\bin\Release\net10.0\Khaos.JEX.LanguageServer.Tests.dll" adapterTypeName="executor://xunit/VsTestRunner3/netcore/" className="Khaos.JEX.LanguageServer.Tests.StandardLibraryProviderTests" name="GetFunction_ShouldHaveCorrectArgCounts" />
    </UnitTest>
    <UnitTest name="Khaos.JEX.LanguageServer.Tests.StandardLibraryProviderTests.GetFunction_ShouldReturnFunctionByName" storage="c:\my\khaos\khaos.jex.languageserver\tests\khaos.jex.languageserver.tests\bin\release\net10.0\khaos.jex.languageserver.tests.dll" id="227188c7-36c8-144b-c9ad-4988543cb121">
      <Execution id="e2297f0e-295a-4e4b-ba3a-667e677ea461" />
      <TestMethod codeBase="C:\My\Khaos\Khaos.JEX.LanguageServer\tests\Khaos.JEX.LanguageServer.Tests\bin\Release\net10.0\Khaos.JEX.LanguageServer.Tests.dll" adapterTypeName="executor://xunit/VsTestRunner3/netcore/" className="Khaos.JEX.LanguageServer.Tests.StandardLibraryProviderTests" name="GetFunction_ShouldReturnFunctionByName" />
    </UnitTest>
    <UnitTest name="Khaos.JEX.LanguageServer.Tests.StandardLibraryProviderTests.GetFunctions_ShouldIncludeStringFunctions" storage="c:\my\khaos\khaos.jex.languageserver\tests\khaos.jex.languageserver.tests\bin\release\net10.0\khaos.jex.languageserver.tests.dll" id="67ea6bf5-7706-cbab-5efd-173c17140e76">
      <Execution id="1afb760d-f684-4153-8a69-ff7616b93df5" />
      <TestMethod codeBase="C:\My\Khaos\Khaos.JEX.LanguageServer\tests\Khaos.JEX.LanguageServer.Tests\bin\Release\net10.0\Khaos.JEX.LanguageServer.Tests.dll" adapterTypeName="executor://xunit/VsTestRunner3/netcore/" className="Khaos.JEX.LanguageServer.Tests.StandardLibraryProviderTests" name="GetFunctions_ShouldIncludeStringFunctions" />
    </UnitTest>
    <UnitTest name="Khaos.JEX.LanguageServer.Tests.CompletionHandlerTests.Handle_ShouldHaveFunctionKindForFunctions" storage="c:\my\khaos\khaos.jex.languageserver\tests\khaos.jex.languageserver.tests\bin\release\net10.0\khaos.jex.languageserver.tests.dll" id="192c9107-db1f-c33e-9e73-008e5da815bb">
      <Execution id="f5e532d9-7d43-469e-a437-c904c8832cf1" />
      <TestMethod codeBase="C:\My\Khaos\Khaos.JEX.LanguageServer\tests\Khaos.JEX.LanguageServer.Tests\bin\Release\net10.0\Khaos.JEX.LanguageServer.Tests.dll" adapterTypeName="executor://xunit/VsTestRunner3/netcore/" className="Khaos.JEX.LanguageServer.Tests.CompletionHandlerTests" name="Handle_ShouldHaveFunctionKindForFunctions" />
    </UnitTest>
    <UnitTest name="Khaos.JEX.LanguageServer.Tests.DocumentStateTests.GetLine_ShouldReturnCorrectLine" storage="c:\my\khaos\khaos.jex.languageserver\tests\khaos.jex.languageserver.tests\bin\release\net10.0\khaos.jex.languageserver.tests.dll" id="abd4bb10-8d19-f63d-c9bc-f3f340f65e0f">
      <Execution id="8201eddb-2aec-4dd3-b052-123cd8575365" />
      <TestMethod codeBase="C:\My\Khaos\Khaos.JEX.LanguageServer\tests\Khaos.JEX.LanguageServer.Tests\bin\Release\net10.0\Khaos.JEX.LanguageServer.Tests.dll" adapterTypeName="executor://xunit/VsTestRunner3/netcore/" className="Khaos.JEX.LanguageServer.Tests.DocumentStateTests" name="GetLine_ShouldReturnCorrectLine" />
    </UnitTest>
    <UnitTest name="Khaos.JEX.LanguageServer.Tests.DocumentStateTests.Constructor_ShouldParseValidJexCode" storage="c:\my\khaos\khaos.jex.languageserver\tests\khaos.jex.languageserver.tests\bin\release\net10.0\khaos.jex.languageserver.tests.dll" id="2a52860d-cc93-b03f-5993-42c952eaeabf">
      <Execution id="c27e21bd-5d4e-46f2-91d4-820251f939ce" />
      <TestMethod codeBase="C:\My\Khaos\Khaos.JEX.LanguageServer\tests\Khaos.JEX.LanguageServer.Tests\bin\Release\net10.0\Khaos.JEX.LanguageServer.Tests.dll" adapterTypeName="executor://xunit/VsTestRunner3/netcore/" className="Khaos.JEX.LanguageServer.Tests.DocumentStateTests" name="Constructor_ShouldParseValidJexCode" />
    </UnitTest>
    <UnitTest name="Khaos.JEX.LanguageServer.Tests.HoverHandlerTests.Handle_ShouldReturnMarkdownContent" storage="c:\my\khaos\khaos.jex.languageserver\tests\khaos.jex.languageserver.tests\bin\release\net10.0\khaos.jex.languageserver.tests.dll" id="ce24df7d-d982-f32c-a48e-b9c2b631ca0f">
      <Execution id="28257599-b497-4530-a5fc-1c26275b8591" />
      <TestMethod codeBase="C:\My\Khaos\Khaos.JEX.LanguageServer\tests\Khaos.JEX.LanguageServer.Tests\bin\Release\net10.0\Khaos.JEX.LanguageServer.Tests.dll" adapterTypeName="executor://xunit/VsTestRunner3/netcore/" className="Khaos.JEX.LanguageServer.Tests.HoverHandlerTests" name="Handle_ShouldReturnMarkdownContent" />
    </UnitTest>
    <UnitTest name="Khaos.JEX.LanguageServer.Tests.FunctionManifestLoaderTests.LoadManifest_ShouldNotLoadSameFileTwice" storage="c:\my\khaos\khaos.jex.languageserver\tests\khaos.jex.languageserver.tests\bin\release\net10.0\khaos.jex.languageserver.tests.dll" id="4f526e8e-2b42-38c1-da9d-98a8ec60a660">
      <Execution id="fdf47b6b-3fb1-4360-a09b-6e54349e8980" />
      <TestMethod codeBase="C:\My\Khaos\Khaos.JEX.LanguageServer\tests\Khaos.JEX.LanguageServer.Tests\bin\Release\net10.0\Khaos.JEX.LanguageServer.Tests.dll" adapterTypeName="executor://xunit/VsTestRunner3/netcore/" className="Khaos.JEX.LanguageServer.Tests.FunctionManifestLoaderTests" name="LoadManifest_ShouldNotLoadSameFileTwice" />
    </UnitTest>
    <UnitTest name="Khaos.JEX.LanguageServer.Tests.FunctionManifestLoaderTests.GetFunction_ShouldBeCaseInsensitive" storage="c:\my\khaos\khaos.jex.languageserver\tests\khaos.jex.languageserver.tests\bin\release\net10.0\khaos.jex.languageserver.tests.dll" id="764d867b-7f8b-f84a-ef69-1522075c836d">
      <Execution id="f3b08a1b-6ef6-4e8b-bd26-0a701e55dbd5" />
      <TestMethod codeBase="C:\My\Khaos\Khaos.JEX.LanguageServer\tests\Khaos.JEX.LanguageServer.Tests\bin\Release\net10.0\Khaos.JEX.LanguageServer.Tests.dll" adapterTypeName="executor://xunit/VsTestRunner3/netcore/" className="Khaos.JEX.LanguageServer.Tests.FunctionManifestLoaderTests" name="GetFunction_ShouldBeCaseInsensitive" />
    </UnitTest>
    <UnitTest name="Khaos.JEX.LanguageServer.Tests.FunctionManifestLoaderTests.LoadManifest_ShouldLoadValidManifest" storage="c:\my\khaos\khaos.jex.languageserver\tests\khaos.jex.languageserver.tests\bin\release\net10.0\khaos.jex.languageserver.tests.dll" id="5960e845-aa37-286e-0dce-81c902154891">
      <Execution id="178e4d3d-8b02-4f9c-a3dd-d0a63bfb900e" />
      <TestMethod codeBase="C:\My\Khaos\Khaos.JEX.LanguageServer\tests\Khaos.JEX.LanguageServer.Tests\bin\Release\net10.0\Khaos.JEX.LanguageServer.Tests.dll" adapterTypeName="executor://xunit/VsTestRunner3/netcore/" className="Khaos.JEX.LanguageServer.Tests.FunctionManifestLoaderTests" name="LoadManifest_ShouldLoadValidManifest" />
    </UnitTest>
    <UnitTest name="Khaos.JEX.LanguageServer.Tests.HoverHandlerTests.Handle_ShouldReturnHoverForKeyword" storage="c:\my\khaos\khaos.jex.languageserver\tests\khaos.jex.languageserver.tests\bin\release\net10.0\khaos.jex.languageserver.tests.dll" id="5643290a-c6bb-ca8f-e0c0-08e9a92c59bf">
      <Execution id="650fbce3-a33c-4917-88ce-9734a7ec8095" />
      <TestMethod codeBase="C:\My\Khaos\Khaos.JEX.LanguageServer\tests\Khaos.JEX.LanguageServer.Tests\bin\Release\net10.0\Khaos.JEX.LanguageServer.Tests.dll" adapterTypeName="executor://xunit/VsTestRunner3/netcore/" className="Khaos.JEX.LanguageServer.Tests.HoverHandlerTests" name="Handle_ShouldReturnHoverForKeyword" />
    </UnitTest>
    <UnitTest name="Khaos.JEX.LanguageServer.Tests.CompletionHandlerTests.Handle_ShouldReturnStandardLibraryFunctions" storage="c:\my\khaos\khaos.jex.languageserver\tests\khaos.jex.languageserver.tests\bin\release\net10.0\khaos.jex.languageserver.tests.dll" id="ac2f98d7-2908-642e-afd8-53ccc952216f">
      <Execution id="fc200336-d110-427b-8332-f02bfa485cb4" />
      <TestMethod codeBase="C:\My\Khaos\Khaos.JEX.LanguageServer\tests\Khaos.JEX.LanguageServer.Tests\bin\Release\net10.0\Khaos.JEX.LanguageServer.Tests.dll" adapterTypeName="executor://xunit/VsTestRunner3/netcore/" className="Khaos.JEX.LanguageServer.Tests.CompletionHandlerTests" name="Handle_ShouldReturnStandardLibraryFunctions" />
    </UnitTest>
    <UnitTest name="Khaos.JEX.LanguageServer.Tests.DocumentStateTests.GetVariablesAtPosition_ShouldReturnVariablesInScope" storage="c:\my\khaos\khaos.jex.languageserver\tests\khaos.jex.languageserver.tests\bin\release\net10.0\khaos.jex.languageserver.tests.dll" id="50e31217-6d05-7447-abd4-b42b48d9f180">
      <Execution id="7e6df4ba-4554-422d-9235-01f1a74ccbfb" />
      <TestMethod codeBase="C:\My\Khaos\Khaos.JEX.LanguageServer\tests\Khaos.JEX.LanguageServer.Tests\bin\Release\net10.0\Khaos.JEX.LanguageServer.Tests.dll" adapterTypeName="executor://xunit/VsTestRunner3/netcore/" className="Khaos.JEX.LanguageServer.Tests.DocumentStateTests" name="GetVariablesAtPosition_ShouldReturnVariablesInScope" />
    </UnitTest>
    <UnitTest name="Khaos.JEX.LanguageServer.Tests.HoverHandlerTests.Handle_ShouldReturnHoverForUserFunction" storage="c:\my\khaos\khaos.jex.languageserver\tests\khaos.jex.languageserver.tests\bin\release\net10.0\khaos.jex.languageserver.tests.dll" id="6b66668a-548c-bba4-ed26-429dd6b2ea6b">
      <Execution id="27b43d78-a9f4-49a3-b05f-104de5fc6f07" />
      <TestMethod codeBase="C:\My\Khaos\Khaos.JEX.LanguageServer\tests\Khaos.JEX.LanguageServer.Tests\bin\Release\net10.0\Khaos.JEX.LanguageServer.Tests.dll" adapterTypeName="executor://xunit/VsTestRunner3/netcore/" className="Khaos.JEX.LanguageServer.Tests.HoverHandlerTests" name="Handle_ShouldReturnHoverForUserFunction" />
    </UnitTest>
  </TestDefinitions>
  <TestEntries>
    <TestEntry testId="abd4bb10-8d19-f63d-c9bc-f3f340f65e0f" executionId="8201eddb-2aec-4dd3-b052-123cd8575365" testListId="8c84fa94-04c1-424b-9868-57a2d4851a1d" />
    <TestEntry testId="ea56abf1-e0cf-ff9b-109a-6aac2cbae5ae" executionId="0d3ed918-2182-479d-8f3d-fa948dcccf19" testListId="8c84fa94-04c1-424b-9868-57a2d4851a1d" />
    <TestEntry testId="f9243176-0c2a-9c49-ff5c-fad7179cf039" executionId="e05f7049-c885-46da-b459-65ac44cc69ac" testListId="8c84fa94-04c1-424b-9868-57a2d4851a1d" />
    <TestEntry testId="90b62f82-64ab-8029-3889-9f8165e4c564" executionId="6b1ab968-9a09-4224-ae10-ce34114e401e" testListId="8c84fa94-04c1-424b-9868-57a2d4851a1d" />
    <TestEntry testId="015fe428-2393-5c57-8e35-32a0d51bda1d" executionId="72067b0b-8c69-4cde-8a87-17ad50c9a69f" testListId="8c84fa94-04c1-424b-9868-57a2d4851a1d" />
    <TestEntry testId="ad444bef-4b5a-1cab-53c7-55fecc76f8d2" executionId="129d2877-7af7-4f8a-8b68-565b14503f30" testListId="8c84fa94-04c1-424b-9868-57a2d4851a1d" />
    <TestEntry testId="9b992a8a-0df3-b451-f327-a9d40283e154" executionId="e1908a1e-571d-453e-9256-9dd957138763" testListId="8c84fa94-04c1-424b-9868-57a2d4851a1d" />
    <TestEntry testId="b79d3c60-99f5-cc5d-08c0-58a994c1b2a9" executionId="a9a4ff8d-9fa4-4ffc-9506-1488ad8f74c0" testListId="8c84fa94-04c1-424b-9868-57a2d4851a1d" />
    <TestEntry testId="cc249208-0db1-80c3-bec8-3c8b8800ea71" executionId="cd907f7c-1a3e-4aa7-a5b2-0f728e1ae053" testListId="8c84fa94-04c1-424b-9868-57a2d4851a1d" />
    <TestEntry testId="d5eb4d9c-47b6-7d6d-5afc-8c468df45e1c" executionId="e4bfa5a5-dda3-410a-9771-07d51f712c42" testListId="8c84fa94-04c1-424b-9868-57a2d4851a1d" />
    <TestEntry testId="ef64417b-f872-af8f-6350-265c7c3fe4fd" executionId="3e7d3dcf-eb09-41cd-88f6-3e1bde0afacf" testListId="8c84fa94-04c1-424b-9868-57a2d4851a1d" />
    <TestEntry testId="a954fee2-71ac-2774-df9e-66c3825a4e07" executionId="f9931a66-f152-48eb-aa9e-e86966b4f005" testListId="8c84fa94-04c1-424b-9868-57a2d4851a1d" />
    <TestEntry testId="764d867b-7f8b-f84a-ef69-1522075c836d" executionId="f3b08a1b-6ef6-4e8b-bd26-0a701e55dbd5" testListId="8c84fa94-04c1-424b-9868-57a2d4851a1d" />
    <TestEntry testId="67ea6bf5-7706-cbab-5efd-173c17140e76" executionId="1afb760d-f684-4153-8a69-ff7616b93df5" testListId="8c84fa94-04c1-424b-9868-57a2d4851a1d" />
    <TestEntry testId="50e31217-6d05-7447-abd4-b42b48d9f180" executionId="7e6df4ba-4554-422d-9235-01f1a74ccbfb" testListId="8c84fa94-04c1-424b-9868-57a2d4851a1d" />
    <TestEntry testId="ce24df7d-d982-f32c-a48e-b9c2b631ca0f" executionId="28257599-b497-4530-a5fc-1c26275b8591" testListId="8c84fa94-04c1-424b-9868-57a2d4851a1d" />
    <TestEntry testId="7300292a-62ff-2189-c683-d5b3ec2b80a4" executionId="c1e04c90-cc44-4d7b-abde-378033125a3b" testListId="8c84fa94-04c1-424b-9868-57a2d4851a1d" />
    <TestEntry testId="916f0ce1-b07e-fd78-71f9-bdfb2e0b408f" executionId="924e364e-f7b3-4bf2-8478-c1655cbb93d1" testListId="8c84fa94-04c1-424b-9868-57a2d4851a1d" />
    <TestEntry testId="1517c8ed-a3ab-842b-d4e5-46816ec8392e" executionId="ed578287-7b41-4c69-a904-c93affa60f05" testListId="8c84fa94-04c1-424b-9868-57a2d4851a1d" />
    <TestEntry testId="aa72f155-fcc4-dd81-2ecc-0a104855a7ed" executionId="6200f5f3-d31b-49aa-87b1-d5e50895f6e2" testListId="8c84fa94-04c1-424b-9868-57a2d4851a1d" />
    <TestEntry testId="d989a8b8-008a-9ebe-0f21-444a1b90c6d3" executionId="783ffa9b-5f31-4ab7-85cf-e4a60675ed65" testListId="8c84fa94-04c1-424b-9868-57a2d4851a1d" />
    <TestEntry testId="4f526e8e-2b42-38c1-da9d-98a8ec60a660" executionId="fdf47b6b-3fb1-4360-a09b-6e54349e8980" testListId="8c84fa94-04c1-424b-9868-57a2d4851a1d" />
    <TestEntry testId="6b66668a-548c-bba4-ed26-429dd6b2ea6b" executionId="27b43d78-a9f4-49a3-b05f-104de5fc6f07" testListId="8c84fa94-04c1-424b-9868-57a2d4851a1d" />
    <TestEntry testId="1dac5aa8-09df-0450-dba2-05e9444ffea0" executionId="f4d61fae-7b0b-4799-b4fd-b6065b590af0" testListId="8c84fa94-04c1-424b-9868-57a2d4851a1d" />
    <TestEntry testId="15fa8f53-43f7-83c3-698c-14163c6ab067" executionId="3cac6f8b-7487-4d99-a2db-ec21279066ad" testListId="8c84fa94-04c1-424b-9868-57a2d4851a1d" />
    <TestEntry testId="10324f34-db96-4948-7cc5-8f616e5a5804" executionId="9f57e30a-414e-49ff-843c-ccaecd223747" testListId="8c84fa94-04c1-424b-9868-57a2d4851a1d" />
    <TestEntry testId="777d0c67-b006-dbef-2849-603ee2442531" executionId="7f014012-bb54-4ec7-886d-4251f925c4e3" testListId="8c84fa94-04c1-424b-9868-57a2d4851a1d" />
    <TestEntry testId="192c9107-db1f-c33e-9e73-008e5da815bb" executionId="f5e532d9-7d43-469e-a437-c904c8832cf1" testListId="8c84fa94-04c1-424b-9868-57a2d4851a1d" />
    <TestEntry testId="c71a7775-da28-eb6e-b170-8238e27845c9" executionId="66391564-96a0-44da-af15-f3dee78834db" testListId="8c84fa94-04c1-424b-9868-57a2d4851a1d" />
    <TestEntry testId="efa36482-657f-40ea-c7e0-8918cb6f50fd" executionId="943dbe06-bced-4371-83e3-12eea9a81201" testListId="8c84fa94-04c1-424b-9868-57a2d4851a1d" />
    <TestEntry testId="a1198c5b-c3f9-0cda-4798-a6d485d0e12b" executionId="7b6969f3-db17-4060-9d37-d7e2e87e70e8" testListId="8c84fa94-04c1-424b-9868-57a2d4851a1d" />
    <TestEntry testId="755346ac-c653-259b-eba7-6a53f46ea88d" executionId="a49d720b-97e7-46e9-a305-3d0219b5a08e" testListId="8c84fa94-04c1-424b-9868-57a2d4851a1d" />
    <TestEntry testId="5643290a-c6bb-ca8f-e0c0-08e9a92c59bf" executionId="650fbce3-a33c-4917-88ce-9734a7ec8095" testListId="8c84fa94-04c1-424b-9868-57a2d4851a1d" />
    <TestEntry testId="227188c7-36c8-144b-c9ad-4988543cb121" executionId="e2297f0e-295a-4e4b-ba3a-667e677ea461" testListId="8c84fa94-04c1-424b-9868-57a2d4851a1d" />
    <TestEntry testId="2a52860d-cc93-b03f-5993-42c952eaeabf" executionId="c27e21bd-5d4e-46f2-91d4-820251f939ce" testListId="8c84fa94-04c1-424b-9868-57a2d4851a1d" />
    <TestEntry testId="c670c102-e5a0-e92e-1e23-6db9d1ac5f2c" executionId="4831026d-a599-4d3e-a88f-1bbcf8656ae0" testListId="8c84fa94-04c1-424b-9868-57a2d4851a1d" />
    <TestEntry testId="3f59d304-f949-9d3f-e86b-d4e49440c2b9" executionId="4776aee2-f66c-4134-b8da-9e14463271c5" testListId="8c84fa94-04c1-424b-9868-57a2d4851a1d" />
    <TestEntry testId="5960e845-aa37-286e-0dce-81c902154891" executionId="178e4d3d-8b02-4f9c-a3dd-d0a63bfb900e" testListId="8c84fa94-04c1-424b-9868-57a2d4851a1d" />
    <TestEntry testId="b3a2afdb-ec17-7934-0fd6-cf4286dec656" executionId="f95bf5d1-a8b4-4c53-9337-a90db98f770d" testListId="8c84fa94-04c1-424b-9868-57a2d4851a1d" />
    <TestEntry testId="ac2f98d7-2908-642e-afd8-53ccc952216f" executionId="fc200336-d110-427b-8332-f02bfa485cb4" testListId="8c84fa94-04c1-424b-9868-57a2d4851a1d" />
    <TestEntry testId="e6127376-2414-9929-5d46-c92a78fb92c1" executionId="167642db-90b1-4f26-a776-1da8e264f1b3" testListId="8c84fa94-04c1-424b-9868-57a2d4851a1d" />
    <TestEntry testId="f2792e1a-3205-14eb-756d-e769e9e36e8c" executionId="5f082be0-0ad9-4c66-8e90-491afe76e685" testListId="8c84fa94-04c1-424b-9868-57a2d4851a1d" />
    <TestEntry testId="1dd1d1ef-fe65-98ed-ef38-d96c0784a2eb" executionId="7c568da4-c26d-4c33-b2f4-b3a45410b573" testListId="8c84fa94-04c1-424b-9868-57a2d4851a1d" />
    <TestEntry testId="44782712-a132-3002-23bc-50047201cdff" executionId="e8d55782-4cd8-4100-9b67-507d7822f4f6" testListId="8c84fa94-04c1-424b-9868-57a2d4851a1d" />
    <TestEntry testId="979d61dd-3c2d-846c-164e-5bd182390c6e" executionId="86b660ea-993f-421f-9318-fd874dfc96ff" testListId="8c84fa94-04c1-424b-9868-57a2d4851a1d" />
    <TestEntry testId="87e3dc97-b4a2-78f9-fb28-281926eba4d7" executionId="059174e0-ca3c-4534-b55a-acf14be3c768" testListId="8c84fa94-04c1-424b-9868-57a2d4851a1d" />
    <TestEntry testId="bd3bda64-a259-cf88-bcf0-a7f67a7aedb7" executionId="cbb45484-3466-4abc-824e-3e21b2de6c85" testListId="8c84fa94-04c1-424b-9868-57a2d4851a1d" />
    <TestEntry testId="8f6d18ea-9f04-e977-899c-4ba2007637e2" executionId="a56cef73-594b-4c85-9641-9680192f4c91" testListId="8c84fa94-04c1-424b-9868-57a2d4851a1d" />
    <TestEntry testId="1ba388b5-d837-c2a7-ab0d-1b3bde2e8f8a" executionId="7a47ce27-93f4-4292-a39c-2800ebeef396" testListId="8c84fa94-04c1-424b-9868-57a2d4851a1d" />
    <TestEntry testId="bb9bcba0-ed6c-3333-9baf-9410a0b8b259" executionId="4360d827-40ec-4d3b-9d9b-cb36cfb88041" testListId="8c84fa94-04c1-424b-9868-57a2d4851a1d" />
  </TestEntries>
  <TestLists>
    <TestList name="Results Not in a List" id="8c84fa94-04c1-424b-9868-57a2d4851a1d" />
    <TestList name="All Loaded Results" id="19431567-8539-422a-85d7-44ee4e166bda" />
  </TestLists>
  <ResultSummary outcome="Completed">
    <Counters total="50" executed="50" passed="50" failed="0" error="0" timeout="0" aborted="0" inconclusive="0" passedButRunAborted="0" notRunnable="0" notExecuted="0" disconnected="0" warning="0" completed="0" inProgress="0" pending="0" />
    <Output>
      <StdOut>[xUnit.net 00:00:00.00] xUnit.net VSTest Adapter v3.0.2+dd36e86129 (64-bit .NET 10.0.1)&#xD;
[xUnit.net 00:00:00.08]   Discovering: Khaos.JEX.LanguageServer.Tests&#xD;
[xUnit.net 00:00:00.12]   Discovered:  Khaos.JEX.LanguageServer.Tests&#xD;
[xUnit.net 00:00:00.13]   Starting:    Khaos.JEX.LanguageServer.Tests&#xD;
[xUnit.net 00:00:00.37]   Finished:    Khaos.JEX.LanguageServer.Tests&#xD;
</StdOut>
    </Output>
    <CollectorDataEntries>
      <Collector agentName="STORMY" uri="datacollector://microsoft/CoverletCodeCoverage/1.0" collectorDisplayName="XPlat code coverage">
        <UriAttachments>
          <UriAttachment>
            <A href="STORMY\coverage.cobertura.xml"></A>
          </UriAttachment>
        </UriAttachments>
      </Collector>
    </CollectorDataEntries>
  </ResultSummary>
</TestRun>